<?xml version="1.0" encoding="UTF-8"?>
<!-- Generated by org.testng.reporters.JUnitReportReporter -->
<testsuite hostname="MADEM" failures="0" tests="3" name="com.automationdemo.testngconcepts.OrangeHRMAssertionDemo3" time="57.616" errors="0" timestamp="2022-09-07T20:31:14 IST" skipped="0">
  <testcase classname="com.automationdemo.testngconcepts.OrangeHRMAssertionDemo3" name="addEmployee" time="18.267"/>
  <system-out/>
  <testcase classname="com.automationdemo.testngconcepts.OrangeHRMAssertionDemo3" name="addEmployee" time="22.027"/>
  <system-out/>
  <testcase classname="com.automationdemo.testngconcepts.OrangeHRMAssertionDemo3" name="addEmployee" time="17.322"/>
  <system-out/>
</testsuite> <!-- com.automationdemo.testngconcepts.OrangeHRMAssertionDemo3 -->
