<?xml version="1.0" encoding="UTF-8"?>
<!-- Generated by org.testng.reporters.JUnitReportReporter -->
<testsuite hostname="MADEM" failures="0" tests="2" name="com.automationdemo.testngconcepts.Test2" time="0.015" errors="0" timestamp="2022-09-05T20:35:42 IST" skipped="0">
  <testcase classname="com.automationdemo.testngconcepts.Test2" name="math1" time="0.002"/>
  <system-out/>
  <testcase classname="com.automationdemo.testngconcepts.Test2" name="math" time="0.013"/>
  <system-out/>
</testsuite> <!-- com.automationdemo.testngconcepts.Test2 -->
