<?xml version="1.0" encoding="UTF-8"?>
<!-- Generated by org.testng.reporters.JUnitReportReporter -->
<testsuite hostname="MADEM" failures="0" tests="10" name="com.automationdemo.testngconcepts.TestNGPractice" time="0.034" errors="0" timestamp="2022-09-05T20:53:47 IST" skipped="0">
  <testcase classname="com.automationdemo.testngconcepts.TestNGPractice" name="m1" time="0.011"/>
  <system-out/>
  <testcase classname="com.automationdemo.testngconcepts.TestNGPractice" name="m1" time="0.001"/>
  <system-out/>
  <testcase classname="com.automationdemo.testngconcepts.TestNGPractice" name="m1" time="0.002"/>
  <system-out/>
  <testcase classname="com.automationdemo.testngconcepts.TestNGPractice" name="m1" time="0.002"/>
  <system-out/>
  <testcase classname="com.automationdemo.testngconcepts.TestNGPractice" name="m1" time="0.001"/>
  <system-out/>
  <testcase classname="com.automationdemo.testngconcepts.TestNGPractice" name="m1" time="0.002"/>
  <system-out/>
  <testcase classname="com.automationdemo.testngconcepts.TestNGPractice" name="m1" time="0.011"/>
  <system-out/>
  <testcase classname="com.automationdemo.testngconcepts.TestNGPractice" name="m1" time="0.000"/>
  <system-out/>
  <testcase classname="com.automationdemo.testngconcepts.TestNGPractice" name="m1" time="0.002"/>
  <system-out/>
  <testcase classname="com.automationdemo.testngconcepts.TestNGPractice" name="m1" time="0.002"/>
  <system-out/>
</testsuite> <!-- com.automationdemo.testngconcepts.TestNGPractice -->
