<?xml version="1.0" encoding="UTF-8"?>
<!-- Generated by org.testng.reporters.JUnitReportReporter -->
<testsuite hostname="MADEM" failures="0" tests="9" name="com.automationdemo.testngconcepts.OrangeHRMAssertionDemo" time="168.351" errors="0" timestamp="2022-09-06T21:13:23 IST" skipped="0">
  <testcase classname="com.automationdemo.testngconcepts.OrangeHRMAssertionDemo" name="addEmployee" time="18.284"/>
  <system-out/>
  <testcase classname="com.automationdemo.testngconcepts.OrangeHRMAssertionDemo" name="addEmployee" time="18.638"/>
  <system-out/>
  <testcase classname="com.automationdemo.testngconcepts.OrangeHRMAssertionDemo" name="addEmployee" time="17.833"/>
  <system-out/>
  <testcase classname="com.automationdemo.testngconcepts.OrangeHRMAssertionDemo" name="addEmployee" time="17.788"/>
  <system-out/>
  <testcase classname="com.automationdemo.testngconcepts.OrangeHRMAssertionDemo" name="addEmployee" time="17.912"/>
  <system-out/>
  <testcase classname="com.automationdemo.testngconcepts.OrangeHRMAssertionDemo" name="addEmployee" time="25.252"/>
  <system-out/>
  <testcase classname="com.automationdemo.testngconcepts.OrangeHRMAssertionDemo" name="addEmployee" time="17.765"/>
  <system-out/>
  <testcase classname="com.automationdemo.testngconcepts.OrangeHRMAssertionDemo" name="addEmployee" time="17.378"/>
  <system-out/>
  <testcase classname="com.automationdemo.testngconcepts.OrangeHRMAssertionDemo" name="addEmployee" time="17.501"/>
  <system-out/>
</testsuite> <!-- com.automationdemo.testngconcepts.OrangeHRMAssertionDemo -->
