<?xml version="1.0" encoding="UTF-8"?>
<!-- Generated by org.testng.reporters.JUnitReportReporter -->
<testsuite hostname="MADEM" failures="0" tests="5" name="com.automationdemo.testngconcepts.Test1" time="0.019" errors="0" timestamp="2022-09-05T20:47:16 IST" skipped="1">
  <testcase classname="com.automationdemo.testngconcepts.Test1" name="launchApp" time="0.013"/>
  <system-out/>
  <testcase classname="com.automationdemo.testngconcepts.Test1" name="loginApp" time="0.002"/>
  <system-out/>
  <testcase classname="com.automationdemo.testngconcepts.Test1" name="logOff" time="0.002"/>
  <system-out/>
  <testcase classname="com.automationdemo.testngconcepts.Test1" name="closeBrowser" time="0.002"/>
  <system-out/>
  <testcase classname="com.automationdemo.testngconcepts.Test1" name="deleteUser">
    <skipped/>
  </testcase> <!-- deleteUser -->
  <system-out/>
</testsuite> <!-- com.automationdemo.testngconcepts.Test1 -->
